Using pre-set license
Built from '2020.3/staging' branch; Version is '2020.3.3f1 (76626098c1c4) revision 7758432'; Using compiler version '192528614'; Build Type 'Release'
OS: 'Windows 10 Pro; OS build 19041.630; Version 2004; 64bit' Language: 'en' Physical Memory: 8108 MB
BatchMode: 1, IsHumanControllingUs: 0, StartBugReporterOnCrash: 0, Is64bit: 1, IsPro: 0

 COMMAND LINE ARGUMENTS:
C:\Program Files\Unity\Hub\Editor\2020.3.3f1\Editor\Unity.exe
-adb2
-batchMode
-noUpm
-name
AssetImportWorker0
-projectPath
F:/unity/Game
-logFile
Logs/AssetImportWorker0.log
-srvPort
50244
Successfully changed project path to: F:/unity/Game
F:/unity/Game
Using Asset Import Pipeline V2.
Refreshing native plugins compatible for Editor in 47.46 ms, found 1 plugins.
Preloading 0 native plugins for Editor in 0.00 ms.
Initialize engine version: 2020.3.3f1 (76626098c1c4)
[Subsystems] Discovering subsystems at path C:/Program Files/Unity/Hub/Editor/2020.3.3f1/Editor/Data/Resources/UnitySubsystems
[Subsystems] Discovering subsystems at path F:/unity/Game/Assets
GfxDevice: creating device client; threaded=0
Direct3D:
    Version:  Direct3D 11.0 [level 11.1]
    Renderer: AMD Radeon (TM) R7 M340 (ID=0x6900)
    Vendor:   
    VRAM:     2038 MB
    Driver:   27.20.1034.6
Initialize mono
Mono path[0] = 'C:/Program Files/Unity/Hub/Editor/2020.3.3f1/Editor/Data/Managed'
Mono path[1] = 'C:/Program Files/Unity/Hub/Editor/2020.3.3f1/Editor/Data/MonoBleedingEdge/lib/mono/unityjit'
Mono config path = 'C:/Program Files/Unity/Hub/Editor/2020.3.3f1/Editor/Data/MonoBleedingEdge/etc'
Using monoOptions --debugger-agent=transport=dt_socket,embedding=1,server=y,suspend=n,address=127.0.0.1:56676
Begin MonoManager ReloadAssembly
Registering precompiled unity dll's ...
Register platform support module: C:/Program Files/Unity/Hub/Editor/2020.3.3f1/Editor/Data/PlaybackEngines/WindowsStandaloneSupport/UnityEditor.WindowsStandalone.Extensions.dll
Registered in 0.002227 seconds.
Native extension for WindowsStandalone target not found
Refreshing native plugins compatible for Editor in 43.18 ms, found 1 plugins.
Preloading 0 native plugins for Editor in 0.00 ms.
Invoked RoslynAnalysisRunner static constructor.
RoslynAnalysisRunner will not be running.
RoslynAnalysisRunner has terminated.
Mono: successfully reloaded assembly
- Completed reload, in  1.227 seconds
Platform modules already initialized, skipping
Registering precompiled user dll's ...
Registered in 0.000862 seconds.
Begin MonoManager ReloadAssembly
Native extension for WindowsStandalone target not found
Refreshing native plugins compatible for Editor in 40.95 ms, found 1 plugins.
Preloading 0 native plugins for Editor in 0.00 ms.
Invoked RoslynAnalysisRunner static constructor.
RoslynAnalysisRunner will not be running.
RoslynAnalysisRunner has terminated.
Mono: successfully reloaded assembly
- Completed reload, in  1.075 seconds
Platform modules already initialized, skipping
========================================================================
Worker process is ready to serve import requests
Launched and connected shader compiler UnityShaderCompiler.exe after 0.05 seconds
Refreshing native plugins compatible for Editor in 0.53 ms, found 1 plugins.
Preloading 0 native plugins for Editor in 0.00 ms.
Unloading 1808 Unused Serialized files (Serialized files now loaded: 0)
System memory in use before: 84.9 MB.
System memory in use after: 84.8 MB.

Unloading 24 unused Assets to reduce memory usage. Loaded Objects now: 2250.
Total: 3.101000 ms (FindLiveObjects: 0.937200 ms CreateObjectMapping: 0.270800 ms MarkObjects: 1.757600 ms  DeleteObjects: 0.133200 ms)

========================================================================
Received Import Request.
  path: Assets/imports
  artifactKey: Guid(fe37c34604824c3419ffdd624917273f) Importer(815301076,1909f56bfc062723c751e8b465ee728b)
Start importing Assets/imports using Guid(fe37c34604824c3419ffdd624917273f) Importer(815301076,1909f56bfc062723c751e8b465ee728b)  -> (artifact id: 'f6a946dd03e57be463034d0cdde8ad8a') in 0.016143 seconds
  Import took 0.020415 seconds .

========================================================================
Received Import Request.
  Time since last request: 24.527860 seconds.
  path: Assets/imports/ArcherHero.zip
  artifactKey: Guid(3c87c2241b5e9b54abf12a6f7770d945) Importer(815301076,1909f56bfc062723c751e8b465ee728b)
Start importing Assets/imports/ArcherHero.zip using Guid(3c87c2241b5e9b54abf12a6f7770d945) Importer(815301076,1909f56bfc062723c751e8b465ee728b)  -> (artifact id: '8404bac0f3b4fdbd09fbb2fdd0f0abe5') in 0.050655 seconds
  Import took 0.054354 seconds .

========================================================================
Received Import Request.
  Time since last request: 17.845464 seconds.
  path: Assets/imports/preview.png
  artifactKey: Guid(0eb40a0827a11864f9c4bd9af8598371) Importer(815301076,1909f56bfc062723c751e8b465ee728b)
Start importing Assets/imports/preview.png using Guid(0eb40a0827a11864f9c4bd9af8598371) Importer(815301076,1909f56bfc062723c751e8b465ee728b)  -> (artifact id: '5e1cfc396272e93c1b4888592c6ab1d7') in 0.134669 seconds
  Import took 0.144281 seconds .

========================================================================
Received Import Request.
  Time since last request: 0.000227 seconds.
  path: Assets/imports/tileset.png
  artifactKey: Guid(fe608ab74fdcaff4893251ab1d511be4) Importer(815301076,1909f56bfc062723c751e8b465ee728b)
Start importing Assets/imports/tileset.png using Guid(fe608ab74fdcaff4893251ab1d511be4) Importer(815301076,1909f56bfc062723c751e8b465ee728b)  -> (artifact id: 'c5f30ff04acd422a41c481a7b10f3589') in 0.029468 seconds
  Import took 0.035779 seconds .

========================================================================
Received Import Request.
  Time since last request: 0.000230 seconds.
  path: Assets/imports/warm_canvas_20.png
  artifactKey: Guid(28f7357857fb89448b0e8cd0301b29ba) Importer(815301076,1909f56bfc062723c751e8b465ee728b)
Start importing Assets/imports/warm_canvas_20.png using Guid(28f7357857fb89448b0e8cd0301b29ba) Importer(815301076,1909f56bfc062723c751e8b465ee728b)  -> (artifact id: '825e14325aa89b74d804d59b63f79d40') in 0.026697 seconds
  Import took 0.032533 seconds .

========================================================================
Received Import Request.
  Time since last request: 0.000293 seconds.
  path: Assets/imports/rotating_coin.png
  artifactKey: Guid(92a323a0a2b82a54586c8d006d125f51) Importer(815301076,1909f56bfc062723c751e8b465ee728b)
Start importing Assets/imports/rotating_coin.png using Guid(92a323a0a2b82a54586c8d006d125f51) Importer(815301076,1909f56bfc062723c751e8b465ee728b)  -> (artifact id: '33d5eb695cbead1ff8e5206d4657d275') in 0.028459 seconds
  Import took 0.032438 seconds .

========================================================================
Received Import Request.
  Time since last request: 29.961125 seconds.
  path: Assets/imports/tileset.png
  artifactKey: Guid(fe608ab74fdcaff4893251ab1d511be4) Importer(815301076,1909f56bfc062723c751e8b465ee728b)
Start importing Assets/imports/tileset.png using Guid(fe608ab74fdcaff4893251ab1d511be4) Importer(815301076,1909f56bfc062723c751e8b465ee728b)  -> (artifact id: '1350b83b685d931b51304c7d973570fc') in 0.018496 seconds
  Import took 0.024100 seconds .

========================================================================
Received Import Request.
  Time since last request: 0.069534 seconds.
  path: Assets/imports/tileset.png
  artifactKey: Guid(fe608ab74fdcaff4893251ab1d511be4) Importer(815301076,1909f56bfc062723c751e8b465ee728b)
Start importing Assets/imports/tileset.png using Guid(fe608ab74fdcaff4893251ab1d511be4) Importer(815301076,1909f56bfc062723c751e8b465ee728b)  -> (artifact id: '1350b83b685d931b51304c7d973570fc') in 0.010851 seconds
  Import took 0.021012 seconds .

========================================================================
Received Import Request.
  Time since last request: 101.046264 seconds.
  path: Assets/imports/tileset.png
  artifactKey: Guid(fe608ab74fdcaff4893251ab1d511be4) Importer(815301076,1909f56bfc062723c751e8b465ee728b)
Start importing Assets/imports/tileset.png using Guid(fe608ab74fdcaff4893251ab1d511be4) Importer(815301076,1909f56bfc062723c751e8b465ee728b)  -> (artifact id: '963af8b0530a58d5f5714a2c3c7925b5') in 0.238643 seconds
  Import took 0.244130 seconds .

========================================================================
Received Import Request.
  Time since last request: 4.354835 seconds.
  path: Assets/imports/!!very_important.txt
  artifactKey: Guid(442ae42e368fffe4a820ecaf39cf62d1) Importer(815301076,1909f56bfc062723c751e8b465ee728b)
Start importing Assets/imports/!!very_important.txt using Guid(442ae42e368fffe4a820ecaf39cf62d1) Importer(815301076,1909f56bfc062723c751e8b465ee728b)  -> (artifact id: 'b0d27311ac054f6a9eeffadb7bad0cfd') in 0.012118 seconds
  Import took 0.016142 seconds .

========================================================================
Received Import Request.
  Time since last request: 0.000935 seconds.
  path: Assets/imports/!!very_important.txt
  artifactKey: Guid(442ae42e368fffe4a820ecaf39cf62d1) Importer(815301076,1909f56bfc062723c751e8b465ee728b)
Start importing Assets/imports/!!very_important.txt using Guid(442ae42e368fffe4a820ecaf39cf62d1) Importer(815301076,1909f56bfc062723c751e8b465ee728b)  -> (artifact id: 'b0d27311ac054f6a9eeffadb7bad0cfd') in 0.003961 seconds
  Import took 0.010663 seconds .

========================================================================
Received Import Request.
  Time since last request: 6.098738 seconds.
  path: Assets/imports/peaceful_nightfield.zip
  artifactKey: Guid(a55b16a82b1f07e45b262bb7aaaaf45c) Importer(815301076,1909f56bfc062723c751e8b465ee728b)
Start importing Assets/imports/peaceful_nightfield.zip using Guid(a55b16a82b1f07e45b262bb7aaaaf45c) Importer(815301076,1909f56bfc062723c751e8b465ee728b)  -> (artifact id: '32bf796c71886367bc54b9362b074ea6') in 0.011918 seconds
  Import took 0.017824 seconds .

========================================================================
Received Import Request.
  Time since last request: 320.983567 seconds.
  path: Assets/imports/tileset.png
  artifactKey: Guid(fe608ab74fdcaff4893251ab1d511be4) Importer(815301076,1909f56bfc062723c751e8b465ee728b)
Start importing Assets/imports/tileset.png using Guid(fe608ab74fdcaff4893251ab1d511be4) Importer(815301076,1909f56bfc062723c751e8b465ee728b)  -> (artifact id: 'a4b1a98d409e0c0fdc2a94468c01429b') in 0.234842 seconds
  Import took 0.240164 seconds .

========================================================================
Received Import Request.
  Time since last request: 2.772757 seconds.
  path: Assets/imports/tileset.png
  artifactKey: Guid(fe608ab74fdcaff4893251ab1d511be4) Importer(815301076,1909f56bfc062723c751e8b465ee728b)
Start importing Assets/imports/tileset.png using Guid(fe608ab74fdcaff4893251ab1d511be4) Importer(815301076,1909f56bfc062723c751e8b465ee728b)  -> (artifact id: 'c964075f8dee8a330ae37259a148b76c') in 0.230104 seconds
  Import took 0.234418 seconds .

========================================================================
Received Import Request.
  Time since last request: 3975.496224 seconds.
  path: Assets/palette/coin.prefab
  artifactKey: Guid(e181d59e1cb8ded40be6f842b8fca1a5) Importer(815301076,1909f56bfc062723c751e8b465ee728b)
Start importing Assets/palette/coin.prefab using Guid(e181d59e1cb8ded40be6f842b8fca1a5) Importer(815301076,1909f56bfc062723c751e8b465ee728b)  -> (artifact id: 'b24324fa0dc5f524b0e255bd2395a0cb') in 0.027925 seconds
  Import took 0.032907 seconds .

========================================================================
Received Import Request.
  Time since last request: 0.000276 seconds.
  path: Assets/palette/tileset_15.asset
  artifactKey: Guid(60869f8e866c3764f8022995344d3221) Importer(815301076,1909f56bfc062723c751e8b465ee728b)
Start importing Assets/palette/tileset_15.asset using Guid(60869f8e866c3764f8022995344d3221) Importer(815301076,1909f56bfc062723c751e8b465ee728b)  -> (artifact id: 'c014cfb01df99a6243759bca6cd19c00') in 0.070787 seconds
  Import took 0.074452 seconds .

========================================================================
Received Import Request.
  Time since last request: 0.000241 seconds.
  path: Assets/palette/tileset_23.asset
  artifactKey: Guid(3140566beb2d5a34db04b03f37570d20) Importer(815301076,1909f56bfc062723c751e8b465ee728b)
Start importing Assets/palette/tileset_23.asset using Guid(3140566beb2d5a34db04b03f37570d20) Importer(815301076,1909f56bfc062723c751e8b465ee728b)  -> (artifact id: 'a432bb49b8f5ee7f8f8c4150a3588def') in 0.018653 seconds
  Import took 0.024519 seconds .

========================================================================
Received Import Request.
  Time since last request: 0.000304 seconds.
  path: Assets/palette/tileset_34.asset
  artifactKey: Guid(c253fa79bd0d2dc498ffe80600ded254) Importer(815301076,1909f56bfc062723c751e8b465ee728b)
Start importing Assets/palette/tileset_34.asset using Guid(c253fa79bd0d2dc498ffe80600ded254) Importer(815301076,1909f56bfc062723c751e8b465ee728b)  -> (artifact id: 'db642e947c30048e8b954a120e1c7d3d') in 0.020569 seconds
  Import took 0.025447 seconds .

========================================================================
Received Import Request.
  Time since last request: 0.000290 seconds.
  path: Assets/palette/tileset_2.asset
  artifactKey: Guid(80b05ef6d62eca3439eaa5406546f830) Importer(815301076,1909f56bfc062723c751e8b465ee728b)
Start importing Assets/palette/tileset_2.asset using Guid(80b05ef6d62eca3439eaa5406546f830) Importer(815301076,1909f56bfc062723c751e8b465ee728b)  -> (artifact id: 'b0dc1bd85566f49b6b039d864a342384') in 0.021116 seconds
  Import took 0.025881 seconds .

========================================================================
Received Import Request.
  Time since last request: 0.000242 seconds.
  path: Assets/palette/tileset_27.asset
  artifactKey: Guid(9b985c2d6de20694bb33e9c6d673001e) Importer(815301076,1909f56bfc062723c751e8b465ee728b)
Start importing Assets/palette/tileset_27.asset using Guid(9b985c2d6de20694bb33e9c6d673001e) Importer(815301076,1909f56bfc062723c751e8b465ee728b)  -> (artifact id: 'f8b9aecb4e1180147f44f1b7314b70cc') in 0.020243 seconds
  Import took 0.027027 seconds .

========================================================================
Received Import Request.
  Time since last request: 0.000238 seconds.
  path: Assets/palette/tileset_30.asset
  artifactKey: Guid(f7afa7542a41ee5419022a7706ca5848) Importer(815301076,1909f56bfc062723c751e8b465ee728b)
Start importing Assets/palette/tileset_30.asset using Guid(f7afa7542a41ee5419022a7706ca5848) Importer(815301076,1909f56bfc062723c751e8b465ee728b)  -> (artifact id: 'ac90ff13b2d3de40a9044049a1616aa0') in 0.017985 seconds
  Import took 0.022961 seconds .

========================================================================
Received Import Request.
  Time since last request: 0.000229 seconds.
  path: Assets/palette/tileset_5.asset
  artifactKey: Guid(925f06193e8395d4695067bac0489407) Importer(815301076,1909f56bfc062723c751e8b465ee728b)
Start importing Assets/palette/tileset_5.asset using Guid(925f06193e8395d4695067bac0489407) Importer(815301076,1909f56bfc062723c751e8b465ee728b)  -> (artifact id: 'a9eab8c9aae1a2eb6d6fbcb47c605f17') in 0.019593 seconds
  Import took 0.026458 seconds .

========================================================================
Received Import Request.
  Time since last request: 0.000196 seconds.
  path: Assets/palette/tileset_29.asset
  artifactKey: Guid(10cd11b4896a63b49906bb4e317722d5) Importer(815301076,1909f56bfc062723c751e8b465ee728b)
Start importing Assets/palette/tileset_29.asset using Guid(10cd11b4896a63b49906bb4e317722d5) Importer(815301076,1909f56bfc062723c751e8b465ee728b)  -> (artifact id: 'dbcddba3bd24caf1f9cb44d8b4b205d9') in 0.020675 seconds
  Import took 0.027387 seconds .

========================================================================
Received Import Request.
  Time since last request: 0.000218 seconds.
  path: Assets/palette/tileset_0.asset
  artifactKey: Guid(08b87fc00acdc5346a2969cb4a5d4f01) Importer(815301076,1909f56bfc062723c751e8b465ee728b)
Start importing Assets/palette/tileset_0.asset using Guid(08b87fc00acdc5346a2969cb4a5d4f01) Importer(815301076,1909f56bfc062723c751e8b465ee728b)  -> (artifact id: 'e31ae056f90de55f2d48fbff32c4870c') in 0.019874 seconds
  Import took 0.024291 seconds .

========================================================================
Received Import Request.
  Time since last request: 0.000236 seconds.
  path: Assets/palette/tileset_8.asset
  artifactKey: Guid(ca82eb30fedbbfb4c973d90dda772a36) Importer(815301076,1909f56bfc062723c751e8b465ee728b)
Start importing Assets/palette/tileset_8.asset using Guid(ca82eb30fedbbfb4c973d90dda772a36) Importer(815301076,1909f56bfc062723c751e8b465ee728b)  -> (artifact id: 'e83b896b1fad842adcb3c054c36437f9') in 0.019285 seconds
  Import took 0.025399 seconds .

========================================================================
Received Import Request.
  Time since last request: 0.000264 seconds.
  path: Assets/palette/tileset_25.asset
  artifactKey: Guid(9edb5360057585d489434575034e0238) Importer(815301076,1909f56bfc062723c751e8b465ee728b)
Start importing Assets/palette/tileset_25.asset using Guid(9edb5360057585d489434575034e0238) Importer(815301076,1909f56bfc062723c751e8b465ee728b)  -> (artifact id: '9cdc93b526bcb9b8d6067eb2d378ccde') in 0.017453 seconds
  Import took 0.021603 seconds .

========================================================================
Received Import Request.
  Time since last request: 0.000219 seconds.
  path: Assets/palette/tileset_10.asset
  artifactKey: Guid(a3e014fe61113cd4985f1083552a17c1) Importer(815301076,1909f56bfc062723c751e8b465ee728b)
Start importing Assets/palette/tileset_10.asset using Guid(a3e014fe61113cd4985f1083552a17c1) Importer(815301076,1909f56bfc062723c751e8b465ee728b)  -> (artifact id: '3939bcdbcdb62dc5a8996ff371ed86bb') in 0.017954 seconds
  Import took 0.021599 seconds .

========================================================================
Received Import Request.
  Time since last request: 0.000177 seconds.
  path: Assets/palette/tileset_4.asset
  artifactKey: Guid(ee764ea8beada184fafb5dc1fda03d74) Importer(815301076,1909f56bfc062723c751e8b465ee728b)
Start importing Assets/palette/tileset_4.asset using Guid(ee764ea8beada184fafb5dc1fda03d74) Importer(815301076,1909f56bfc062723c751e8b465ee728b)  -> (artifact id: 'dfc5323bc1c32e96aadd4b18467d961c') in 0.021315 seconds
  Import took 0.025193 seconds .

========================================================================
Received Import Request.
  Time since last request: 0.000223 seconds.
  path: Assets/palette/tileset_28.asset
  artifactKey: Guid(ff17084cda50bbb4fae00ce227bf5edd) Importer(815301076,1909f56bfc062723c751e8b465ee728b)
Start importing Assets/palette/tileset_28.asset using Guid(ff17084cda50bbb4fae00ce227bf5edd) Importer(815301076,1909f56bfc062723c751e8b465ee728b)  -> (artifact id: 'c67753e3ea3545f874cfd9a7b204ceaf') in 0.025397 seconds
  Import took 0.029397 seconds .

========================================================================
Received Import Request.
  Time since last request: 0.000231 seconds.
  path: Assets/palette/tileset_33.asset
  artifactKey: Guid(5c74fda73aaba8c4da85e7c5b34c5f20) Importer(815301076,1909f56bfc062723c751e8b465ee728b)
Start importing Assets/palette/tileset_33.asset using Guid(5c74fda73aaba8c4da85e7c5b34c5f20) Importer(815301076,1909f56bfc062723c751e8b465ee728b)  -> (artifact id: '040830fc0b2765a48772b95cbac4c1a4') in 0.022215 seconds
  Import took 0.025387 seconds .

========================================================================
Received Import Request.
  Time since last request: 0.000258 seconds.
  path: Assets/palette/tileset_31.asset
  artifactKey: Guid(079932ceb7df8b94db9d9aa9ea9c55e4) Importer(815301076,1909f56bfc062723c751e8b465ee728b)
Start importing Assets/palette/tileset_31.asset using Guid(079932ceb7df8b94db9d9aa9ea9c55e4) Importer(815301076,1909f56bfc062723c751e8b465ee728b)  -> (artifact id: '29d3cc544a6ce702f6dc647b0c7742cf') in 0.019218 seconds
  Import took 0.024193 seconds .

========================================================================
Received Import Request.
  Time since last request: 0.000198 seconds.
  path: Assets/palette/tileset_32.asset
  artifactKey: Guid(d3c5c26dcfdde1842925aa6891f1d670) Importer(815301076,1909f56bfc062723c751e8b465ee728b)
Start importing Assets/palette/tileset_32.asset using Guid(d3c5c26dcfdde1842925aa6891f1d670) Importer(815301076,1909f56bfc062723c751e8b465ee728b)  -> (artifact id: 'a200c3a7991729df1a6d7e9690dda5de') in 0.017616 seconds
  Import took 0.021555 seconds .

========================================================================
Received Import Request.
  Time since last request: 0.000273 seconds.
  path: Assets/palette/tileset_6.asset
  artifactKey: Guid(c0ce03b5310ca6343b2c32e253fa1968) Importer(815301076,1909f56bfc062723c751e8b465ee728b)
Start importing Assets/palette/tileset_6.asset using Guid(c0ce03b5310ca6343b2c32e253fa1968) Importer(815301076,1909f56bfc062723c751e8b465ee728b)  -> (artifact id: 'f87fd58da718d6e34a09c8bc2d63d17a') in 0.023172 seconds
  Import took 0.030237 seconds .

========================================================================
Received Import Request.
  Time since last request: 0.000244 seconds.
  path: Assets/palette/tileset_24.asset
  artifactKey: Guid(e3fd9ea763f69084ebca051592475a34) Importer(815301076,1909f56bfc062723c751e8b465ee728b)
Start importing Assets/palette/tileset_24.asset using Guid(e3fd9ea763f69084ebca051592475a34) Importer(815301076,1909f56bfc062723c751e8b465ee728b)  -> (artifact id: 'b65a1a39274c1356f266261c51e8c010') in 0.019813 seconds
  Import took 0.023651 seconds .

========================================================================
Received Import Request.
  Time since last request: 0.000219 seconds.
  path: Assets/palette/tileset_35.asset
  artifactKey: Guid(d33a72c3ae4e1fd4a87ce204de94f236) Importer(815301076,1909f56bfc062723c751e8b465ee728b)
Start importing Assets/palette/tileset_35.asset using Guid(d33a72c3ae4e1fd4a87ce204de94f236) Importer(815301076,1909f56bfc062723c751e8b465ee728b)  -> (artifact id: 'b13131533bdb9feeb05e374577e04f52') in 0.021813 seconds
  Import took 0.025367 seconds .

========================================================================
Received Import Request.
  Time since last request: 0.000385 seconds.
  path: Assets/palette/tileset_9.asset
  artifactKey: Guid(3f7ca720109ab9848b145311b3001094) Importer(815301076,1909f56bfc062723c751e8b465ee728b)
Start importing Assets/palette/tileset_9.asset using Guid(3f7ca720109ab9848b145311b3001094) Importer(815301076,1909f56bfc062723c751e8b465ee728b)  -> (artifact id: '5fc040bee968cbedffe375683866f760') in 0.017949 seconds
  Import took 0.022589 seconds .

========================================================================
Received Import Request.
  Time since last request: 0.000267 seconds.
  path: Assets/palette/tileset_21.asset
  artifactKey: Guid(68db27e02a77fc143b607ef78f0ab4f5) Importer(815301076,1909f56bfc062723c751e8b465ee728b)
Start importing Assets/palette/tileset_21.asset using Guid(68db27e02a77fc143b607ef78f0ab4f5) Importer(815301076,1909f56bfc062723c751e8b465ee728b)  -> (artifact id: 'ad8190c65e7596940bf690e539a04f6b') in 0.017169 seconds
  Import took 0.021556 seconds .

========================================================================
Received Import Request.
  Time since last request: 0.000509 seconds.
  path: Assets/palette/tileset_20.asset
  artifactKey: Guid(f0a60f3080ae84b4b93337fd823b467d) Importer(815301076,1909f56bfc062723c751e8b465ee728b)
Start importing Assets/palette/tileset_20.asset using Guid(f0a60f3080ae84b4b93337fd823b467d) Importer(815301076,1909f56bfc062723c751e8b465ee728b)  -> (artifact id: 'c704c5f1dd096a44cadc7bfcbce70693') in 0.017193 seconds
  Import took 0.021865 seconds .

========================================================================
Received Import Request.
  Time since last request: 0.000175 seconds.
  path: Assets/palette/tileset_14.asset
  artifactKey: Guid(05592717df3fd194f82213a7b008b20b) Importer(815301076,1909f56bfc062723c751e8b465ee728b)
Start importing Assets/palette/tileset_14.asset using Guid(05592717df3fd194f82213a7b008b20b) Importer(815301076,1909f56bfc062723c751e8b465ee728b)  -> (artifact id: 'c31155584df7834410894e92bff58977') in 0.021642 seconds
  Import took 0.025538 seconds .

========================================================================
Received Import Request.
  Time since last request: 0.000187 seconds.
  path: Assets/palette/tileset_19.asset
  artifactKey: Guid(5e6f6ba74ffa12842aaf10c8e0accac0) Importer(815301076,1909f56bfc062723c751e8b465ee728b)
Start importing Assets/palette/tileset_19.asset using Guid(5e6f6ba74ffa12842aaf10c8e0accac0) Importer(815301076,1909f56bfc062723c751e8b465ee728b)  -> (artifact id: 'c2f3ed3162e6cca2a2d8f2e0e65b5b90') in 0.020299 seconds
  Import took 0.025430 seconds .

========================================================================
Received Import Request.
  Time since last request: 0.000248 seconds.
  path: Assets/palette/tileset_1.asset
  artifactKey: Guid(77bc34672748b564c91cc1639d2c7009) Importer(815301076,1909f56bfc062723c751e8b465ee728b)
Start importing Assets/palette/tileset_1.asset using Guid(77bc34672748b564c91cc1639d2c7009) Importer(815301076,1909f56bfc062723c751e8b465ee728b)  -> (artifact id: '2cdac591a114f1e5a5411a19d8400c96') in 0.020562 seconds
  Import took 0.024591 seconds .

========================================================================
Received Import Request.
  Time since last request: 0.000214 seconds.
  path: Assets/palette/tileset_22.asset
  artifactKey: Guid(88b04a3861fce8d4b811588cbae1c696) Importer(815301076,1909f56bfc062723c751e8b465ee728b)
Start importing Assets/palette/tileset_22.asset using Guid(88b04a3861fce8d4b811588cbae1c696) Importer(815301076,1909f56bfc062723c751e8b465ee728b)  -> (artifact id: '38ca25dd05a1032b8a91b05dc4d7f1ef') in 0.017219 seconds
  Import took 0.021979 seconds .

========================================================================
Received Import Request.
  Time since last request: 0.000241 seconds.
  path: Assets/palette/tileset_11.asset
  artifactKey: Guid(96cfa3578c8fd30418eca62a1fe7f436) Importer(815301076,1909f56bfc062723c751e8b465ee728b)
Start importing Assets/palette/tileset_11.asset using Guid(96cfa3578c8fd30418eca62a1fe7f436) Importer(815301076,1909f56bfc062723c751e8b465ee728b)  -> (artifact id: '6d11d63cc3e19f03f6f325a1b6536cf7') in 0.018466 seconds
  Import took 0.023007 seconds .

========================================================================
Received Import Request.
  Time since last request: 0.000197 seconds.
  path: Assets/palette/tileset_16.asset
  artifactKey: Guid(c9c461eea4c2f2a40b08e5885c1cabd9) Importer(815301076,1909f56bfc062723c751e8b465ee728b)
Start importing Assets/palette/tileset_16.asset using Guid(c9c461eea4c2f2a40b08e5885c1cabd9) Importer(815301076,1909f56bfc062723c751e8b465ee728b)  -> (artifact id: 'ac271284b8f7a54c1264025a093df131') in 0.018866 seconds
  Import took 0.023825 seconds .

========================================================================
Received Import Request.
  Time since last request: 0.000202 seconds.
  path: Assets/palette/tileset_13.asset
  artifactKey: Guid(7d75ad3391add7d4c97faffc02131a6d) Importer(815301076,1909f56bfc062723c751e8b465ee728b)
Start importing Assets/palette/tileset_13.asset using Guid(7d75ad3391add7d4c97faffc02131a6d) Importer(815301076,1909f56bfc062723c751e8b465ee728b)  -> (artifact id: 'a3b5243475b8e926369434863193a0a2') in 0.018821 seconds
  Import took 0.023187 seconds .

========================================================================
Received Import Request.
  Time since last request: 0.000178 seconds.
  path: Assets/palette/tileset_12.asset
  artifactKey: Guid(87d9de6d3e2195e4ca40cc93a4f01440) Importer(815301076,1909f56bfc062723c751e8b465ee728b)
Start importing Assets/palette/tileset_12.asset using Guid(87d9de6d3e2195e4ca40cc93a4f01440) Importer(815301076,1909f56bfc062723c751e8b465ee728b)  -> (artifact id: '4279372d4c4f6cf16dd2a05fe1c5e70f') in 0.019279 seconds
  Import took 0.022937 seconds .

========================================================================
Received Import Request.
  Time since last request: 0.000206 seconds.
  path: Assets/palette/tileset_3.asset
  artifactKey: Guid(e2483c1d98b34e040ba2657d2af3ca74) Importer(815301076,1909f56bfc062723c751e8b465ee728b)
Start importing Assets/palette/tileset_3.asset using Guid(e2483c1d98b34e040ba2657d2af3ca74) Importer(815301076,1909f56bfc062723c751e8b465ee728b)  -> (artifact id: 'b23c15635286647dba638db1119367ab') in 0.019837 seconds
  Import took 0.024340 seconds .

========================================================================
Received Import Request.
  Time since last request: 0.000192 seconds.
  path: Assets/palette/tileset_17.asset
  artifactKey: Guid(d9c7258bb877d0048a7863b5187db989) Importer(815301076,1909f56bfc062723c751e8b465ee728b)
Start importing Assets/palette/tileset_17.asset using Guid(d9c7258bb877d0048a7863b5187db989) Importer(815301076,1909f56bfc062723c751e8b465ee728b)  -> (artifact id: '5361de2789885a60c83eca2fbfb0d7ad') in 0.018503 seconds
  Import took 0.021886 seconds .

========================================================================
Received Import Request.
  Time since last request: 0.000245 seconds.
  path: Assets/palette/tileset_26.asset
  artifactKey: Guid(2efe08305617f80469383a95582c5a5e) Importer(815301076,1909f56bfc062723c751e8b465ee728b)
Start importing Assets/palette/tileset_26.asset using Guid(2efe08305617f80469383a95582c5a5e) Importer(815301076,1909f56bfc062723c751e8b465ee728b)  -> (artifact id: 'fc526186d7f6ccece1014bf2cc2d4972') in 0.016384 seconds
  Import took 0.021921 seconds .

========================================================================
Received Import Request.
  Time since last request: 0.000249 seconds.
  path: Assets/palette/tileset_18.asset
  artifactKey: Guid(8d0cb558838e0b146b1cc738c1fb281a) Importer(815301076,1909f56bfc062723c751e8b465ee728b)
Start importing Assets/palette/tileset_18.asset using Guid(8d0cb558838e0b146b1cc738c1fb281a) Importer(815301076,1909f56bfc062723c751e8b465ee728b)  -> (artifact id: '56bee005b71bb84a5b32d1d89e0e7190') in 0.018576 seconds
  Import took 0.022808 seconds .

========================================================================
Received Import Request.
  Time since last request: 0.000245 seconds.
  path: Assets/palette/tileset_7.asset
  artifactKey: Guid(341858db986d6514b99eaaf8bd8a644d) Importer(815301076,1909f56bfc062723c751e8b465ee728b)
Start importing Assets/palette/tileset_7.asset using Guid(341858db986d6514b99eaaf8bd8a644d) Importer(815301076,1909f56bfc062723c751e8b465ee728b)  -> (artifact id: '5255889d9ab223d1aaa933e001adbf92') in 0.019284 seconds
  Import took 0.023980 seconds .

========================================================================
Received Import Request.
  Time since last request: 3.334874 seconds.
  path: Assets/palette/tileset_36.asset
  artifactKey: Guid(c9e4ceb1b5ad917418f7900773780f51) Importer(815301076,1909f56bfc062723c751e8b465ee728b)
Start importing Assets/palette/tileset_36.asset using Guid(c9e4ceb1b5ad917418f7900773780f51) Importer(815301076,1909f56bfc062723c751e8b465ee728b)  -> (artifact id: 'e10a3dae1d2bdbcf48b2162cd43e22df') in 0.024630 seconds
  Import took 0.033050 seconds .

========================================================================
Received Import Request.
  Time since last request: 44.604214 seconds.
  path: Assets/imports/rotating_coin.png
  artifactKey: Guid(92a323a0a2b82a54586c8d006d125f51) Importer(815301076,1909f56bfc062723c751e8b465ee728b)
Start importing Assets/imports/rotating_coin.png using Guid(92a323a0a2b82a54586c8d006d125f51) Importer(815301076,1909f56bfc062723c751e8b465ee728b)  -> (artifact id: 'edeb07d1dacba07b77e6bd35d525de51') in 0.017043 seconds
  Import took 0.021010 seconds .

========================================================================
Received Import Request.
  Time since last request: 9.072488 seconds.
  path: Assets/imports/rotating_coin.png
  artifactKey: Guid(92a323a0a2b82a54586c8d006d125f51) Importer(815301076,1909f56bfc062723c751e8b465ee728b)
Start importing Assets/imports/rotating_coin.png using Guid(92a323a0a2b82a54586c8d006d125f51) Importer(815301076,1909f56bfc062723c751e8b465ee728b)  -> (artifact id: '9b4f52bc7beb2b3f39e026ced14f43a2') in 0.036986 seconds
  Import took 0.040888 seconds .

========================================================================
Received Import Request.
  Time since last request: 41.548283 seconds.
  path: Assets/imports/rotating_coin.png
  artifactKey: Guid(92a323a0a2b82a54586c8d006d125f51) Importer(815301076,1909f56bfc062723c751e8b465ee728b)
Start importing Assets/imports/rotating_coin.png using Guid(92a323a0a2b82a54586c8d006d125f51) Importer(815301076,1909f56bfc062723c751e8b465ee728b)  -> (artifact id: '87c2602733519ade1abcf52b82ba1c21') in 0.032402 seconds
  Import took 0.037134 seconds .

========================================================================
Received Import Request.
  Time since last request: 542.372713 seconds.
  path: Assets/imports/Final
  artifactKey: Guid(f75253d2a86ae204fa03f2ef1d6e6c04) Importer(815301076,1909f56bfc062723c751e8b465ee728b)
Start importing Assets/imports/Final using Guid(f75253d2a86ae204fa03f2ef1d6e6c04) Importer(815301076,1909f56bfc062723c751e8b465ee728b)  -> (artifact id: 'f22b3a70444b35de6712a49c024b7aeb') in 0.010543 seconds
  Import took 0.015777 seconds .

========================================================================
Received Import Request.
  Time since last request: 0.047576 seconds.
  path: Assets/imports/Final/Dash.png
  artifactKey: Guid(07f422b6bbe2c81449d1f007536540ed) Importer(815301076,1909f56bfc062723c751e8b465ee728b)
Start importing Assets/imports/Final/Dash.png using Guid(07f422b6bbe2c81449d1f007536540ed) Importer(815301076,1909f56bfc062723c751e8b465ee728b)  -> (artifact id: '481ea220a7d273defeb51864a5683590') in 0.048018 seconds
  Import took 0.051445 seconds .

========================================================================
Received Import Request.
  Time since last request: 0.000338 seconds.
  path: Assets/imports/Final/Idle and running.png
  artifactKey: Guid(8e011e257f6c7ef4da269d2cd8c82aeb) Importer(815301076,1909f56bfc062723c751e8b465ee728b)
Start importing Assets/imports/Final/Idle and running.png using Guid(8e011e257f6c7ef4da269d2cd8c82aeb) Importer(815301076,1909f56bfc062723c751e8b465ee728b)  -> (artifact id: '98d501f97c6c040bd089aa98df2acbb6') in 0.026364 seconds
  Import took 0.029431 seconds .

========================================================================
Received Import Request.
  Time since last request: 0.000254 seconds.
  path: Assets/imports/Final/High Attack.png
  artifactKey: Guid(df3c4b6d3b700b946a48e6bb2e0b24b1) Importer(815301076,1909f56bfc062723c751e8b465ee728b)
Start importing Assets/imports/Final/High Attack.png using Guid(df3c4b6d3b700b946a48e6bb2e0b24b1) Importer(815301076,1909f56bfc062723c751e8b465ee728b)  -> (artifact id: '85bd30ee19850f8fb3519067e49a29e2') in 0.029867 seconds
  Import took 0.033513 seconds .

========================================================================
Received Import Request.
  Time since last request: 0.000231 seconds.
  path: Assets/imports/Final/Jumping.png
  artifactKey: Guid(88090cd36b405694ebe3382bf8020965) Importer(815301076,1909f56bfc062723c751e8b465ee728b)
Start importing Assets/imports/Final/Jumping.png using Guid(88090cd36b405694ebe3382bf8020965) Importer(815301076,1909f56bfc062723c751e8b465ee728b)  -> (artifact id: '688353c5ea7c2340895def0d7a056bb1') in 0.019226 seconds
  Import took 0.024069 seconds .

========================================================================
Received Import Request.
  Time since last request: 0.000285 seconds.
  path: Assets/imports/Final/Low attack.png
  artifactKey: Guid(193a8de22b2019945baadf8658306d00) Importer(815301076,1909f56bfc062723c751e8b465ee728b)
Start importing Assets/imports/Final/Low attack.png using Guid(193a8de22b2019945baadf8658306d00) Importer(815301076,1909f56bfc062723c751e8b465ee728b)  -> (artifact id: '73236d3742a9351b35077d8451c670fc') in 0.028591 seconds
  Import took 0.034345 seconds .

========================================================================
Received Import Request.
  Time since last request: 0.000242 seconds.
  path: Assets/imports/Final/Normal Attack.png
  artifactKey: Guid(b8e06b7324b31e44cbba2f2b7a43d013) Importer(815301076,1909f56bfc062723c751e8b465ee728b)
Start importing Assets/imports/Final/Normal Attack.png using Guid(b8e06b7324b31e44cbba2f2b7a43d013) Importer(815301076,1909f56bfc062723c751e8b465ee728b)  -> (artifact id: '797020b0abcb7e6eb4bc75bc44d6749f') in 0.022514 seconds
  Import took 0.026612 seconds .

========================================================================
Received Import Request.
  Time since last request: 0.000225 seconds.
  path: Assets/imports/Final/death.png
  artifactKey: Guid(3d4be727872bacc41ad81b5c12a3872e) Importer(815301076,1909f56bfc062723c751e8b465ee728b)
Start importing Assets/imports/Final/death.png using Guid(3d4be727872bacc41ad81b5c12a3872e) Importer(815301076,1909f56bfc062723c751e8b465ee728b)  -> (artifact id: '40e57201be952b8a37e4bea587ad6f6f') in 0.025690 seconds
  Import took 0.030320 seconds .

========================================================================
Received Import Request.
  Time since last request: 0.002741 seconds.
  path: Assets/imports/Final/death.png
  artifactKey: Guid(3d4be727872bacc41ad81b5c12a3872e) Importer(815301076,1909f56bfc062723c751e8b465ee728b)
Start importing Assets/imports/Final/death.png using Guid(3d4be727872bacc41ad81b5c12a3872e) Importer(815301076,1909f56bfc062723c751e8b465ee728b)  -> (artifact id: '40e57201be952b8a37e4bea587ad6f6f') in 0.010991 seconds
  Import took 0.014635 seconds .

AssetImportWorkerClient::OnTransportError - code=2 error=End of file
