Using pre-set license
Built from '2020.3/staging' branch; Version is '2020.3.3f1 (76626098c1c4) revision 7758432'; Using compiler version '192528614'; Build Type 'Release'
OS: 'Windows 10 Pro; OS build 19041.630; Version 2004; 64bit' Language: 'en' Physical Memory: 8108 MB
BatchMode: 1, IsHumanControllingUs: 0, StartBugReporterOnCrash: 0, Is64bit: 1, IsPro: 0

 COMMAND LINE ARGUMENTS:
C:\Program Files\Unity\Hub\Editor\2020.3.3f1\Editor\Unity.exe
-adb2
-batchMode
-noUpm
-name
AssetImportWorker0
-projectPath
F:/unity/Game
-logFile
Logs/AssetImportWorker0.log
-srvPort
50256
Successfully changed project path to: F:/unity/Game
F:/unity/Game
Using Asset Import Pipeline V2.
Refreshing native plugins compatible for Editor in 42.45 ms, found 1 plugins.
Preloading 0 native plugins for Editor in 0.00 ms.
Initialize engine version: 2020.3.3f1 (76626098c1c4)
[Subsystems] Discovering subsystems at path C:/Program Files/Unity/Hub/Editor/2020.3.3f1/Editor/Data/Resources/UnitySubsystems
[Subsystems] Discovering subsystems at path F:/unity/Game/Assets
GfxDevice: creating device client; threaded=0
Direct3D:
    Version:  Direct3D 11.0 [level 11.1]
    Renderer: AMD Radeon (TM) R7 M340 (ID=0x6900)
    Vendor:   
    VRAM:     2038 MB
    Driver:   27.20.1034.6
Initialize mono
Mono path[0] = 'C:/Program Files/Unity/Hub/Editor/2020.3.3f1/Editor/Data/Managed'
Mono path[1] = 'C:/Program Files/Unity/Hub/Editor/2020.3.3f1/Editor/Data/MonoBleedingEdge/lib/mono/unityjit'
Mono config path = 'C:/Program Files/Unity/Hub/Editor/2020.3.3f1/Editor/Data/MonoBleedingEdge/etc'
Using monoOptions --debugger-agent=transport=dt_socket,embedding=1,server=y,suspend=n,address=127.0.0.1:56504
Begin MonoManager ReloadAssembly
Registering precompiled unity dll's ...
Register platform support module: C:/Program Files/Unity/Hub/Editor/2020.3.3f1/Editor/Data/PlaybackEngines/WindowsStandaloneSupport/UnityEditor.WindowsStandalone.Extensions.dll
Registered in 0.002336 seconds.
Native extension for WindowsStandalone target not found
Refreshing native plugins compatible for Editor in 40.53 ms, found 1 plugins.
Preloading 0 native plugins for Editor in 0.00 ms.
Invoked RoslynAnalysisRunner static constructor.
RoslynAnalysisRunner will not be running.
RoslynAnalysisRunner has terminated.
Mono: successfully reloaded assembly
- Completed reload, in  1.354 seconds
Platform modules already initialized, skipping
Registering precompiled user dll's ...
Registered in 0.000757 seconds.
Begin MonoManager ReloadAssembly
Native extension for WindowsStandalone target not found
Refreshing native plugins compatible for Editor in 42.88 ms, found 1 plugins.
Preloading 0 native plugins for Editor in 0.00 ms.
Invoked RoslynAnalysisRunner static constructor.
RoslynAnalysisRunner will not be running.
RoslynAnalysisRunner has terminated.
Mono: successfully reloaded assembly
- Completed reload, in  1.114 seconds
Platform modules already initialized, skipping
========================================================================
Worker process is ready to serve import requests
Launched and connected shader compiler UnityShaderCompiler.exe after 0.05 seconds
Refreshing native plugins compatible for Editor in 0.39 ms, found 1 plugins.
Preloading 0 native plugins for Editor in 0.00 ms.
Unloading 1808 Unused Serialized files (Serialized files now loaded: 0)
System memory in use before: 84.9 MB.
System memory in use after: 84.9 MB.

Unloading 24 unused Assets to reduce memory usage. Loaded Objects now: 2250.
Total: 2.863200 ms (FindLiveObjects: 0.480600 ms CreateObjectMapping: 0.252300 ms MarkObjects: 1.999600 ms  DeleteObjects: 0.129200 ms)

========================================================================
Received Import Request.
  path: Assets/imports/Final/Idle and running.png
  artifactKey: Guid(8e011e257f6c7ef4da269d2cd8c82aeb) Importer(815301076,1909f56bfc062723c751e8b465ee728b)
Start importing Assets/imports/Final/Idle and running.png using Guid(8e011e257f6c7ef4da269d2cd8c82aeb) Importer(815301076,1909f56bfc062723c751e8b465ee728b)  -> (artifact id: '6da60ca0fc13753912d1d5d43416b706') in 0.129480 seconds
  Import took 0.132651 seconds .

========================================================================
Received Import Request.
  Time since last request: 6.033610 seconds.
  path: Assets/imports/Final/Idle and running.png
  artifactKey: Guid(8e011e257f6c7ef4da269d2cd8c82aeb) Importer(815301076,1909f56bfc062723c751e8b465ee728b)
Start importing Assets/imports/Final/Idle and running.png using Guid(8e011e257f6c7ef4da269d2cd8c82aeb) Importer(815301076,1909f56bfc062723c751e8b465ee728b)  -> (artifact id: 'f5b35ca263be1122d6f3d63657f8e8ff') in 0.014805 seconds
  Import took 0.018823 seconds .

========================================================================
Received Import Request.
  Time since last request: 0.016015 seconds.
  path: Assets/imports/Final/Idle and running.png
  artifactKey: Guid(8e011e257f6c7ef4da269d2cd8c82aeb) Importer(815301076,1909f56bfc062723c751e8b465ee728b)
Start importing Assets/imports/Final/Idle and running.png using Guid(8e011e257f6c7ef4da269d2cd8c82aeb) Importer(815301076,1909f56bfc062723c751e8b465ee728b)  -> (artifact id: 'f5b35ca263be1122d6f3d63657f8e8ff') in 0.008910 seconds
  Import took 0.012548 seconds .

========================================================================
Received Import Request.
  Time since last request: 19.192568 seconds.
  path: Assets/imports/Final/Idle and running.png
  artifactKey: Guid(8e011e257f6c7ef4da269d2cd8c82aeb) Importer(815301076,1909f56bfc062723c751e8b465ee728b)
Start importing Assets/imports/Final/Idle and running.png using Guid(8e011e257f6c7ef4da269d2cd8c82aeb) Importer(815301076,1909f56bfc062723c751e8b465ee728b)  -> (artifact id: '807aac7e6945e43eb3e51602b53ff4d9') in 0.108884 seconds
  Import took 0.112827 seconds .

AssetImportWorkerClient::OnTransportError - code=2 error=End of file
